
 ► ► ► Atualizando... : Success.
neofetch
 -► Instalando o Programa: neofetch : Success.
htop
 -► Instalando o Programa: htop : Success.
gufw
 -► Instalando o Programa: gufw : Success.
net-tools
 -► Instalando o Programa: net-tools : Success.
openssh
 -► Instalando o Programa: openssh : Success.
wget
 -► Instalando o Programa: wget : Success.
xorg-xkill
 -► Instalando o Programa: xorg-xkill : Success.
xdg-user-dirsarc-gtk-theme
 -► Instalando o Programa: xdg-user-dirsarc-gtk-theme : Success.
papirus-icon-theme
 -► Instalando o Programa: papirus-icon-theme : Success.
thunar
 -► Instalando o Programa: thunar : Success.
thunar-archive-plugin
 -► Instalando o Programa: thunar-archive-plugin : Success.
thunar-media-tags-plugin
 -► Instalando o Programa: thunar-media-tags-plugin : Success.
thunar-volman
 -► Instalando o Programa: thunar-volman : Success.
scrot
 -► Instalando o Programa: scrot : Success.
qpdfview
 -► Instalando o Programa: qpdfview : Success.
mousepad
 -► Instalando o Programa: mousepad : Success.
file-rollerfirefox-i18n-pt-br
 -► Instalando o Programa: file-rollerfirefox-i18n-pt-br : Success.
vlc
 -► Instalando o Programa: vlc : Success.
telegram-desktop
 -► Instalando o Programa: telegram-desktop : Success.
ntfs-3g
 -► Instalando o Programa: ntfs-3g : Success.
pulseaudio
 -► Instalando o Programa: pulseaudio : Success.
pulseaudio-alsa
 -► Instalando o Programa: pulseaudio-alsa : Success.
pavucontrol
 -► Instalando o Programa: pavucontrol : Success.
paprefs
 -► Instalando o Programa: paprefs : Success.
geany
 -► Instalando o Programa: geany : Success.
i3
 -► Instalando o Programa: i3 : Success.
 -► Deletando a configuração da dunst: Success.
 -► Deletando a configuração da fontes: Success.
 -► Deletando a configuração da i3: Success.
 -► Deletando a configuração da polybar: Success.
 -► Deletando a configuração da rofi: Success.
 -► Deletando a configuração da tilix: Success.
 -► Deletando a configuração da vim: Success.
 -► Deletando a configuração da zsh: Success.
/home/filipe/.config/
 -► Deletando a configuração da vimrc: Success.
/home/filipe/.config/
 -► Deletando a configuração da zshrc: Success.
../dunst/dunst
 -► Movendo a Pasta dunst para /home/filipe/.config/dunst: Success.
../fontes/fontes
 -► Movendo a Pasta fontes para /home/filipe/.config/fontes: Success.
../i3/i3
 -► Movendo a Pasta i3 para /home/filipe/.config/i3: Success.
../polybar/polybar
 -► Movendo a Pasta polybar para /home/filipe/.config/polybar: Success.
../rofi/rofi
 -► Movendo a Pasta rofi para /home/filipe/.config/rofi: Success.
../tilix/tilix
 -► Movendo a Pasta tilix para /home/filipe/.config/tilix: Success.
../vim/vim
 -► Movendo a Pasta vim para /home/filipe/.config/vim: Success.
../zsh/zsh
 -► Movendo a Pasta zsh para /home/filipe/.config/zsh: Success.
'oi'
  ► ► ► Atualizando as Fontes: Success.
